Arguments: 
  /Users/olala/.nvm/versions/node/v14.17.4/bin/node /usr/local/Cellar/yarn/1.22.19/libexec/bin/yarn.js

PATH: 
  /Users/olala/opt/anaconda3/bin:/Users/olala/opt/anaconda3/condabin:/Users/olala/.yarn/bin:/Users/olala/.config/yarn/global/node_modules/.bin:/Users/olala/.rbenv/shims:/Users/olala/.nvm/versions/node/v14.17.4/bin:/usr/local/sbin:/usr/local/opt/redis@3.2/bin:/usr/local/opt/mysql@5.7/bin:/usr/local/bin:/usr/bin:/bin:/usr/sbin:/sbin:/usr/local/share/dotnet:/opt/X11/bin:~/.dotnet/tools:/Library/Apple/usr/bin:/Library/Frameworks/Mono.framework/Versions/Current/Commands:/Users/olala/Library/Android/sdk/emulator:/Users/olala/Library/Android/sdk/tools:/Users/olala/Library/Android/sdk/tools/bin:/Users/olala/Library/Android/sdk/platform-tools

Yarn version: 
  1.22.19

Node version: 
  14.17.4

Platform: 
  darwin x64

Trace: 
  SyntaxError: /Users/olala/myApps/Simplifying-State-Management-in-React-Native/chapter-test/chapter-9/package.json: Unexpected token } in JSON at position 804
      at JSON.parse (<anonymous>)
      at /usr/local/Cellar/yarn/1.22.19/libexec/lib/cli.js:1629:59
      at Generator.next (<anonymous>)
      at step (/usr/local/Cellar/yarn/1.22.19/libexec/lib/cli.js:310:30)
      at /usr/local/Cellar/yarn/1.22.19/libexec/lib/cli.js:321:13

npm manifest: 
  {
    "name": "chapter-9",
    "version": "1.0.0",
    "main": "node_modules/expo/AppEntry.js",
    "scripts": {
      "start": "expo start",
      "android": "expo start --android",
      "ios": "expo start --ios",
      "web": "expo start --web"
    },
    "dependencies": {
      "expo": "~46.0.16",
      "expo-status-bar": "~1.4.0",
      "react": "18.0.0",
      "react-native": "0.69.6",
      "@expo-google-fonts/poppins": "^0.2.2",
      "@react-navigation/bottom-tabs": "^6.3.1",
      "@react-navigation/native": "^6.0.10",
      "@react-navigation/stack": "^6.2.1",
      "expo-app-loading": "~1.3.0",
      "expo-font": "~10.0.4",
      "expo-linear-gradient": "~11.0.3",
      "react-dom": "17.0.1",
      "react-native-gesture-handler": "~2.1.0",
      "react-native-safe-area-context": "3.3.2",
      "react-native-screens": "~3.10.1",
    },
    "devDependencies": {
      "@babel/core": "^7.12.9"
    },
    "private": true
  }

yarn manifest: 
  No manifest

Lockfile: 
  No lockfile
